passgo_lib_proj/proguard/mapping.txt
com.google.android.gms.common.api.GoogleApiClient$ConnectionCallbacks -> com.google.android.gms.common.api.j:
    void onConnected$79e5e33f() -> f
    void onConnectionSuspended$13462e() -> g
com.google.android.gms.common.api.GoogleApiClient$ConnectionProgressReportCallbacks -> com.google.android.gms.common.api.k:
    void onReportServiceBinding(com.google.android.gms.common.ConnectionResult) -> a
    void onReportAccountValidation$5d4cef71() -> a
com.google.android.gms.common.api.GoogleApiClient$OnConnectionFailedListener -> com.google.android.gms.common.api.l:
    void onConnectionFailed$5d4cef71() -> e
com.google.android.gms.common.api.GoogleApiClient$ServerAuthCodeCallbacks -> com.google.android.gms.common.api.m:
com.google.android.gms.common.api.PendingResult -> com.google.android.gms.common.api.n:
    void setResultCallback(com.google.android.gms.common.api.ResultCallback) -> a
com.google.android.gms.common.api.Releasable -> com.google.android.gms.common.api.o:
    void release() -> b
com.google.android.gms.common.api.Result -> com.google.android.gms.common.api.p:
    com.google.android.gms.common.api.Status getStatus() -> a
com.google.android.gms.common.api.ResultCallback -> com.google.android.gms.common.api.q:
    void onResult(com.google.android.gms.common.api.Result) -> a
com.google.android.gms.common.api.Scope -> com.google.android.gms.common.api.Scope:
    android.os.Parcelable$Creator CREATOR -> CREATOR
    int zzCY -> a
    java.lang.String zzXO -> b
    java.lang.String zzmS() -> a
    boolean equals(java.lang.Object) -> equals
    int hashCode() -> hashCode
    java.lang.String toString() -> toString
    int describeContents() -> describeContents
    void writeToParcel(android.os.Parcel,int) -> writeToParcel
com.google.android.gms.common.api.Status -> com.google.android.gms.common.api.Status:
    com.google.android.gms.common.api.Status zzXP -> a
    com.google.android.gms.common.api.Status zzXQ -> b
    com.google.android.gms.common.api.Status zzXR -> c
    com.google.android.gms.common.api.Status zzXS -> d
    com.google.android.gms.common.api.Status zzXT -> e
    android.os.Parcelable$Creator CREATOR -> CREATOR
    int zzCY -> f
    int zzTS -> g
    java.lang.String zzXU -> h
    android.app.PendingIntent mPendingIntent -> i
    android.app.PendingIntent zzmT() -> b
    java.lang.String getStatusMessage() -> c
    int getVersionCode() -> d
    boolean isSuccess() -> e
    int getStatusCode() -> f
    int hashCode() -> hashCode
    boolean equals(java.lang.Object) -> equals
    java.lang.String toString() -> toString
    int describeContents() -> describeContents
    void writeToParcel(android.os.Parcel,int) -> writeToParcel
    com.google.android.gms.common.api.Status getStatus() -> a
com.google.android.gms.common.api.zzj -> com.google.android.gms.common.api.r:
    void zza$514aa83(com.google.android.gms.common.api.Scope,android.os.Parcel) -> a
    java.lang.Object[] newArray(int) -> newArray
    java.lang.Object createFromParcel(android.os.Parcel) -> createFromParcel
com.google.android.gms.common.api.zzk -> com.google.android.gms.common.api.s:
    void zza(com.google.android.gms.common.api.Status,android.os.Parcel,int) -> a
    java.lang.Object[] newArray(int) -> newArray
    java.lang.Object createFromParcel(android.os.Parcel) -> createFromParcel
com.google.android.gms.common.data.AbstractDataBuffer -> com.google.android.gms.common.data.a:
    com.google.android.gms.common.data.DataHolder zzWu -> a
    int getCount() -> a
    java.util.Iterator iterator() -> iterator
    void release() -> b