passgo_lib_proj/proguard/usage.txt
com.google.android.gms.common.server.response.FastJsonResponse$Field:
    public com.google.android.gms.common.server.response.FastJsonResponse$Field zzop()
com.google.android.gms.common.server.response.FieldMappingDictionary:
    public void zzoA()
    public FieldMappingDictionary(java.lang.Class)
    public void zza(java.lang.Class,java.util.Map)
    public boolean zzb(java.lang.Class)
com.google.android.gms.common.server.response.SafeParcelResponse:
    private SafeParcelResponse(com.google.android.gms.common.internal.safeparcel.SafeParcelable,com.google.android.gms.common.server.response.FieldMappingDictionary,java.lang.String)
    public static com.google.android.gms.common.server.response.SafeParcelResponse zza(com.google.android.gms.common.server.response.FastJsonResponse)
    private static com.google.android.gms.common.server.response.FieldMappingDictionary zzb(com.google.android.gms.common.server.response.FastJsonResponse)
    private static void zza(com.google.android.gms.common.server.response.FieldMappingDictionary,com.google.android.gms.common.server.response.FastJsonResponse)
com.google.android.gms.drive.Contents:
    public android.os.ParcelFileDescriptor getParcelFileDescriptor()
    public com.google.android.gms.drive.DriveId getDriveId()
    public java.io.InputStream getInputStream()
    public java.io.OutputStream getOutputStream()
    public int getMode()
    public boolean zzpc()
com.google.android.gms.drive.CreateFileActivityBuilder
com.google.android.gms.drive.Drive
com.google.android.gms.drive.Drive$1
com.google.android.gms.drive.Drive$2
com.google.android.gms.drive.Drive$zza
com.google.android.gms.drive.Drive$zzb
com.google.android.gms.drive.DriveApi
com.google.android.gms.drive.DriveApi$DriveContentsResult
com.google.android.gms.drive.DriveApi$DriveIdResult
com.google.android.gms.drive.DriveApi$MetadataBufferResult
com.google.android.gms.drive.DriveContents
com.google.android.gms.drive.DriveFile
com.google.android.gms.drive.DriveFile$DownloadProgressListener
com.google.android.gms.drive.DriveFolder
com.google.android.gms.drive.DriveFolder$DriveFileResult
com.google.android.gms.drive.DriveFolder$DriveFolderResult
com.google.android.gms.drive.DriveId:
    public static final int RESOURCE_TYPE_UNKNOWN
    public static final int RESOURCE_TYPE_FILE
    public static final int RESOURCE_TYPE_FOLDER
    public static com.google.android.gms.drive.DriveId zzcs(java.lang.String)
    public java.lang.String getResourceId()
    public int getResourceType()
    public DriveId(java.lang.String,long,long,int)
    public final java.lang.String toInvariantString()
    private byte[] zzph()
    public static com.google.android.gms.drive.DriveId decodeFromString(java.lang.String)
    static com.google.android.gms.drive.DriveId zzk(byte[])
com.google.android.gms.drive.DrivePreferencesApi
com.google.android.gms.drive.DrivePreferencesApi$FileUploadPreferencesResult
com.google.android.gms.drive.DriveResource
com.google.android.gms.drive.DriveResource$MetadataResult
com.google.android.gms.drive.DriveStatusCodes
com.google.android.gms.drive.ExecutionOptions
com.google.android.gms.drive.ExecutionOptions$Builder
com.google.android.gms.drive.FileUploadPreferences
com.google.android.gms.drive.Metadata
com.google.android.gms.drive.MetadataBuffer
com.google.android.gms.drive.MetadataBuffer$zza
com.google.android.gms.drive.MetadataChangeSet
com.google.android.gms.drive.MetadataChangeSet$Builder
com.google.android.gms.drive.OpenFileActivityBuilder
com.google.android.gms.drive.UserMetadata:
    public UserMetadata(java.lang.String,java.lang.String,java.lang.String,boolean,java.lang.String)
com.google.android.gms.drive.events.ChangeEvent:
    public int getType()
    public com.google.android.gms.drive.DriveId getDriveId()
    public boolean hasMetadataChanged()
    public boolean hasContentChanged()
    public boolean hasBeenDeleted()
com.google.android.gms.drive.events.ChangeListener